0 info it worked if it ends with ok
1 verbose cli [ 'D:\\Program Files\\nodejs\\\\node.exe',
1 verbose cli   'D:\\Program Files\\nodejs\\node_modules\\npm\\bin\\npm-cli.js',
1 verbose cli   'install',
1 verbose cli   'child',
1 verbose cli   'process' ]
2 info using npm@1.1.65
3 info using node@v0.8.14
4 verbose node symlink D:\Program Files\nodejs\\node.exe
5 verbose read json D:\Users\Nelich\Documents\GitHub\SnakeCombinator\website\package.json
6 verbose read json D:\Users\Nelich\Documents\GitHub\SnakeCombinator\website\node_modules\express\package.json
7 verbose read json D:\Users\Nelich\Documents\GitHub\SnakeCombinator\website\node_modules\sys\package.json
8 verbose read json D:\Users\Nelich\Documents\GitHub\SnakeCombinator\website\package.json
9 verbose cache add [ 'child', null ]
10 silly cache add name=undefined spec="child" args=["child",null]
11 verbose parsed url { pathname: 'child', path: 'child', href: 'child' }
12 verbose cache add [ 'process', null ]
13 silly cache add name=undefined spec="process" args=["process",null]
14 verbose parsed url { pathname: 'process', path: 'process', href: 'process' }
15 silly lockFile 0e93069c-child child
16 verbose lock child D:\Users\Nelich\AppData\Roaming\npm-cache\0e93069c-child.lock
17 silly lockFile c2e2d662-process process
18 verbose lock process D:\Users\Nelich\AppData\Roaming\npm-cache\c2e2d662-process.lock
19 silly lockFile 0e93069c-child child
20 silly lockFile c2e2d662-process process
21 verbose addNamed [ 'child', '' ]
22 verbose addNamed [ null, '' ]
23 silly lockFile 1aabaeb7-child child@
24 verbose lock child@ D:\Users\Nelich\AppData\Roaming\npm-cache\1aabaeb7-child.lock
25 verbose addNamed [ 'process', '' ]
26 verbose addNamed [ null, '' ]
27 silly lockFile e346286d-process process@
28 verbose lock process@ D:\Users\Nelich\AppData\Roaming\npm-cache\e346286d-process.lock
29 silly addNameRange { name: 'child', range: '', hasData: false }
30 silly addNameRange { name: 'process', range: '', hasData: false }
31 verbose url raw child
32 verbose url resolving [ 'https://registry.npmjs.org/', './child' ]
33 verbose url resolved https://registry.npmjs.org/child
34 info trying registry request attempt 1 at 14:22:26
35 http GET https://registry.npmjs.org/child
36 verbose url raw process
37 verbose url resolving [ 'https://registry.npmjs.org/', './process' ]
38 verbose url resolved https://registry.npmjs.org/process
39 info trying registry request attempt 1 at 14:22:27
40 http GET https://registry.npmjs.org/process
41 http 404 https://registry.npmjs.org/child
42 silly registry.get cb [ 404,
42 silly registry.get   { server: 'CouchDB/1.2.1 (Erlang OTP/R15B03)',
42 silly registry.get     date: 'Fri, 22 Mar 2013 13:22:32 GMT',
42 silly registry.get     'content-type': 'application/json',
42 silly registry.get     'content-length': '52',
42 silly registry.get     'cache-control': 'must-revalidate' } ]
43 silly lockFile 1aabaeb7-child child@
44 error 404 'child' is not in the npm registry.
44 error 404 You should bug the author to publish it
44 error 404
44 error 404 Note that you can also install from a
44 error 404 tarball, folder, or http url, or git url.
45 error System Windows_NT 6.1.7601
46 error command "D:\\Program Files\\nodejs\\\\node.exe" "D:\\Program Files\\nodejs\\node_modules\\npm\\bin\\npm-cli.js" "install" "child" "process"
47 error cwd D:\Users\Nelich\Documents\GitHub\SnakeCombinator\website
48 error node -v v0.8.14
49 error npm -v 1.1.65
50 error code E404
51 verbose exit [ 1, true ]
